Command: make -j 14 all
Configuration Report                                                                                            
 ────────────────────────────────────────────────────────────────────────────────────────────────────────────── 
   Parser Version: 1                                                                                            
   Verbosity: default                                                                                           
   Defaults policy: sdkconfig                                                                                   
   Status: Finished with notifications                                                                          
                                                                                                                
  Miscellaneous                                                                                                 
   ──────────────────────────────────────────────────────────────────────────────────────────────────────────   
    * Trying to set symbol PARTITION_TABLE_SINGLE_APP to n, but it is currently selected by choice              
    PARTITION_TABLE_TYPE. For setting it to n, set another choice symbol to y instead.                          
   ──────────────────────────────────────────────────────────────────────────────────────────────────────────   
 ────────────────────────────────────────────────────────────────────────────────────────────────────────────── 
CMake Warning at /home/catperson/esp/esp-idf/tools/cmake/component_validation.cmake:106 (message):
  Private include directory
  '/home/catperson/esp/esp-idf/components/esp_wifi/wifi_apps/roaming_app/include'
  belongs to component esp_wifi but is being used by component
  wpa_supplicant.  It is recommended to define the component dependency for
  wpa_supplicant on the component esp_wifi, i.e.  'idf_component_register(...
  PRIV_REQUIRES esp_wifi)' in the CMakeLists.txt of wpa_supplicant, and
  specify the included directory as idf_component_register(...
  PRIV_INCLUDE_DIRS <dir relative to component>) in the CMakeLists.txt of
  component esp_wifi.
Call Stack (most recent call first):
  /home/catperson/esp/esp-idf/tools/cmake/component_validation.cmake:130 (__component_validation_check_include_dirs)
  /home/catperson/esp/esp-idf/CMakeLists.txt:353 (__component_validation_run_checks)


CMake Warning at /home/catperson/esp/esp-idf/tools/cmake/component_validation.cmake:106 (message):
  Private include directory
  '/home/catperson/esp/esp-idf/components/esp_wifi/wifi_apps/roaming_app/src'
  belongs to component esp_wifi but is being used by component
  wpa_supplicant.  It is recommended to define the component dependency for
  wpa_supplicant on the component esp_wifi, i.e.  'idf_component_register(...
  PRIV_REQUIRES esp_wifi)' in the CMakeLists.txt of wpa_supplicant, and
  specify the included directory as idf_component_register(...
  PRIV_INCLUDE_DIRS <dir relative to component>) in the CMakeLists.txt of
  component esp_wifi.
Call Stack (most recent call first):
  /home/catperson/esp/esp-idf/tools/cmake/component_validation.cmake:130 (__component_validation_check_include_dirs)
  /home/catperson/esp/esp-idf/CMakeLists.txt:353 (__component_validation_run_checks)


CMake Warning at /home/catperson/esp/esp-idf/tools/cmake/component_validation.cmake:106 (message):
  Private include directory
  '/home/catperson/esp/esp-idf/components/wpa_supplicant/src' belongs to
  component wpa_supplicant but is being used by component esp_wifi.  It is
  recommended to define the component dependency for esp_wifi on the
  component wpa_supplicant, i.e.  'idf_component_register(...  PRIV_REQUIRES
  wpa_supplicant)' in the CMakeLists.txt of esp_wifi, and specify the
  included directory as idf_component_register(...  PRIV_INCLUDE_DIRS <dir
  relative to component>) in the CMakeLists.txt of component wpa_supplicant.
Call Stack (most recent call first):
  /home/catperson/esp/esp-idf/tools/cmake/component_validation.cmake:130 (__component_validation_check_include_dirs)
  /home/catperson/esp/esp-idf/CMakeLists.txt:353 (__component_validation_run_checks)


CMake Warning at /home/catperson/esp/esp-idf/tools/cmake/component_validation.cmake:106 (message):
  Private include directory
  '/home/catperson/esp/esp-idf/components/wpa_supplicant/esp_supplicant/src'
  belongs to component wpa_supplicant but is being used by component
  esp_wifi.  It is recommended to define the component dependency for
  esp_wifi on the component wpa_supplicant, i.e.  'idf_component_register(...
  PRIV_REQUIRES wpa_supplicant)' in the CMakeLists.txt of esp_wifi, and
  specify the included directory as idf_component_register(...
  PRIV_INCLUDE_DIRS <dir relative to component>) in the CMakeLists.txt of
  component wpa_supplicant.
Call Stack (most recent call first):
  /home/catperson/esp/esp-idf/tools/cmake/component_validation.cmake:130 (__component_validation_check_include_dirs)
  /home/catperson/esp/esp-idf/CMakeLists.txt:353 (__component_validation_run_checks)


/home/catperson/esp/morse_code/main/web_server.c: In function 'root_get_handler':
/home/catperson/esp/morse_code/main/web_server.c:21:77: error: missing terminating " character [-Werror]
   21 |     "<meta name=\"viewport\" content=\"width=device-width, initial-scale=1">"
      |                                                                             ^
/home/catperson/esp/morse_code/main/web_server.c:21:77: error: missing terminating " character
/home/catperson/esp/morse_code/main/web_server.c:50:5: error: missing terminating " character [-Werror]
   50 |     "<form action=\"/submit\" method=\"GET\">
      |     ^
/home/catperson/esp/morse_code/main/web_server.c:50:5: error: missing terminating " character
   50 |     "<form action=\"/submit\" method=\"GET\">
      |     ^~~~~~~~~~~~~~~~~~~~~~~~~~~~~~~~~~~~~~~~~
/home/catperson/esp/morse_code/main/web_server.c:52:5: error: missing terminating " character [-Werror]
   52 |     "oninput=\"this.value = this.value.replace(/[^A-Za-z ]/g, \'\' )\">
      |     ^
/home/catperson/esp/morse_code/main/web_server.c:52:5: error: missing terminating " character
   52 |     "oninput=\"this.value = this.value.replace(/[^A-Za-z ]/g, \'\' )\">
      |     ^~~~~~~~~~~~~~~~~~~~~~~~~~~~~~~~~~~~~~~~~~~~~~~~~~~~~~~~~~~~~~~~~~~
/home/catperson/esp/morse_code/main/web_server.c:53:5: error: missing terminating " character [-Werror]
   53 |     "<input type=\"submit\" value=\"Send\">
      |     ^
/home/catperson/esp/morse_code/main/web_server.c:53:5: error: missing terminating " character
   53 |     "<input type=\"submit\" value=\"Send\">
      |     ^~~~~~~~~~~~~~~~~~~~~~~~~~~~~~~~~~~~~~~
/home/catperson/esp/morse_code/main/web_server.c:56:5: error: missing terminating " character [-Werror]
   56 |     "<div style=\"max-width: 400px; padding: 20px; border: 1px solid #ccc; border-radius: 8px;\">
      |     ^
/home/catperson/esp/morse_code/main/web_server.c:56:5: error: missing terminating " character
   56 |     "<div style=\"max-width: 400px; padding: 20px; border: 1px solid #ccc; border-radius: 8px;\">
      |     ^~~~~~~~~~~~~~~~~~~~~~~~~~~~~~~~~~~~~~~~~~~~~~~~~~~~~~~~~~~~~~~~~~~~~~~~~~~~~~~~~~~~~~~~~~~~~
/home/catperson/esp/morse_code/main/web_server.c:21:76: error: comparison with string literal results in unspecified behavior [-Werror=address]
   21 |     "<meta name=\"viewport\" content=\"width=device-width, initial-scale=1">"
      |                                                                            ^
/home/catperson/esp/morse_code/main/web_server.c:21:76: error: passing argument 3 of 'snprintf' makes pointer from integer without a cast [-Wint-conversion]
   18 |     "<!DOCTYPE html>"
      |     ~~~~~~~~~~~~~~~~~                                                       
   19 |     "<html>"
      |     ~~~~~~~~                                                                
   20 |     "<head>"
      |     ~~~~~~~~                                                                
   21 |     "<meta name=\"viewport\" content=\"width=device-width, initial-scale=1">"
      |     ~~~~~~~~~~~~~~~~~~~~~~~~~~~~~~~~~~~~~~~~~~~~~~~~~~~~~~~~~~~~~~~~~~~~~~~^~
      |                                                                            |
      |                                                                            int
   22 |     "<style>"
      |     ~~~~~~~~~                                                               
In file included from /home/catperson/esp/esp-idf/components/esp_libc/platform_include/stdio.h:17,
                 from /home/catperson/esp/esp-idf/components/esp_http_server/include/esp_http_server.h:10,
                 from /home/catperson/esp/morse_code/main/web_server.h:4,
                 from /home/catperson/esp/morse_code/main/web_server.c:1:
/home/catperson/.espressif/tools/xtensa-esp-elf/esp-15.2.0_20251204/xtensa-esp-elf/picolibc/include/stdio.h:277:53: note: expected 'const char *' but argument is of type 'int'
  277 | int     snprintf(char *__s, size_t __n, const char *__fmt, ...) __PRINTF_ATTRIBUTE__(3, 4);
      |                                         ~~~~~~~~~~~~^~~~~
/home/catperson/esp/morse_code/main/web_server.c:17:3: error: argument 3 null where non-null expected [-Werror=nonnull]
   17 |   snprintf(response_buf, 4096,
      |   ^~~~~~~~
/home/catperson/.espressif/tools/xtensa-esp-elf/esp-15.2.0_20251204/xtensa-esp-elf/picolibc/include/stdio.h:277:9: note: in a call to function 'snprintf' declared 'nonnull'
  277 | int     snprintf(char *__s, size_t __n, const char *__fmt, ...) __PRINTF_ATTRIBUTE__(3, 4);
      |         ^~~~~~~~
/home/catperson/esp/morse_code/main/web_server.c: In function 'submit_get_handler':
/home/catperson/esp/morse_code/main/web_server.c:89:70: error: comparison with string literal results in unspecified behavior [-Werror=address]
   89 |                      "<meta http-equiv=\"refresh\" content=\"5;url=/">
      |                                                                      ^
/home/catperson/esp/morse_code/main/web_server.c:86:22: error: initialization of 'const char *' from 'int' makes pointer from integer without a cast [-Wint-conversion]
   86 |   const char *resp = "<!DOCTYPE html>"
      |                      ^~~~~~~~~~~~~~~~~
/home/catperson/esp/morse_code/main/web_server.c:99:30: error: 'morse_beep' undeclared (first use in this function)
   99 |       play_morse_text(value, morse_beep);
      |                              ^~~~~~~~~~
/home/catperson/esp/morse_code/main/web_server.c:99:30: note: each undeclared identifier is reported only once for each function it appears in
cc1: all warnings being treated as errors
make[2]: *** [esp-idf/main/CMakeFiles/__idf_main.dir/build.make:121: esp-idf/main/CMakeFiles/__idf_main.dir/web_server.c.obj] Error 1
make[2]: *** Waiting for unfinished jobs....
make[1]: *** [CMakeFiles/Makefile2:5369: esp-idf/main/CMakeFiles/__idf_main.dir/all] Error 2
make: *** [Makefile:136: all] Error 2
