Command: make -j 14 flash
[1;31mTraceback (most recent call last):
  File "/home/catperson/.espressif/python_env/idf6.1_py3.13_env/lib/python3.13/site-packages/esptool/__init__.py", line 1217, in _main
    main()
    ~~~~^^
  File "/home/catperson/.espressif/python_env/idf6.1_py3.13_env/lib/python3.13/site-packages/esptool/__init__.py", line 1032, in main
    cli(args=args, esp=esp)
    ~~~^^^^^^^^^^^^^^^^^^^^
  File "/home/catperson/.espressif/python_env/idf6.1_py3.13_env/lib/python3.13/site-packages/esptool/cli_util.py", line 229, in __call__
    return super().__call__(*args, **kwargs)
           ~~~~~~~~~~~~~~~~^^^^^^^^^^^^^^^^^
  File "/home/catperson/.espressif/python_env/idf6.1_py3.13_env/lib/python3.13/site-packages/rich_click/rich_command.py", line 404, in __call__
    return super().__call__(*args, **kwargs)
           ~~~~~~~~~~~~~~~~^^^^^^^^^^^^^^^^^
  File "/home/catperson/.espressif/python_env/idf6.1_py3.13_env/lib/python3.13/site-packages/click/core.py", line 1485, in __call__
    return self.main(*args, **kwargs)
           ~~~~~~~~~^^^^^^^^^^^^^^^^^
  File "/home/catperson/.espressif/python_env/idf6.1_py3.13_env/lib/python3.13/site-packages/rich_click/rich_command.py", line 187, in main
    rv = self.invoke(ctx)
  File "/home/catperson/.espressif/python_env/idf6.1_py3.13_env/lib/python3.13/site-packages/click/core.py", line 1873, in invoke
    return _process_result(sub_ctx.command.invoke(sub_ctx))
                           ~~~~~~~~~~~~~~~~~~~~~~^^^^^^^^^
  File "/home/catperson/.espressif/python_env/idf6.1_py3.13_env/lib/python3.13/site-packages/click/core.py", line 1269, in invoke
    return ctx.invoke(self.callback, **ctx.params)
           ~~~~~~~~~~^^^^^^^^^^^^^^^^^^^^^^^^^^^^^
  File "/home/catperson/.espressif/python_env/idf6.1_py3.13_env/lib/python3.13/site-packages/click/core.py", line 824, in invoke
    return callback(*args, **kwargs)
  File "/home/catperson/.espressif/python_env/idf6.1_py3.13_env/lib/python3.13/site-packages/click/decorators.py", line 34, in new_func
    return f(get_current_context(), *args, **kwargs)
  File "/home/catperson/.espressif/python_env/idf6.1_py3.13_env/lib/python3.13/site-packages/esptool/__init__.py", line 688, in write_flash_cli
    attach_flash(ctx.obj["esp"], kwargs.pop("spi_connection", None))
    ~~~~~~~~~~~~^^^^^^^^^^^^^^^^^^^^^^^^^^^^^^^^^^^^^^^^^^^^^^^^^^^^
  File "/home/catperson/.espressif/python_env/idf6.1_py3.13_env/lib/python3.13/site-packages/esptool/cmds.py", line 1112, in attach_flash
    flash_id = esp.flash_id()
  File "/home/catperson/.espressif/python_env/idf6.1_py3.13_env/lib/python3.13/site-packages/esptool/loader.py", line 1091, in flash_id
    self.cache["flash_id"] = self.run_spiflash_command(SPIFLASH_RDID, b"", 24)
                             ~~~~~~~~~~~~~~~~~~~~~~~~~^^^^^^^^^^^^^^^^^^^^^^^^
  File "/home/catperson/.espressif/python_env/idf6.1_py3.13_env/lib/python3.13/site-packages/esptool/loader.py", line 1653, in run_spiflash_command
    old_spi_usr = self.read_reg(SPI_USR_REG)
  File "/home/catperson/.espressif/python_env/idf6.1_py3.13_env/lib/python3.13/site-packages/esptool/loader.py", line 901, in read_reg
    return self.check_command(
           ~~~~~~~~~~~~~~~~~~^
        "read target memory", self.ESP_CMDS["READ_REG"], command, timeout=timeout
        ^^^^^^^^^^^^^^^^^^^^^^^^^^^^^^^^^^^^^^^^^^^^^^^^^^^^^^^^^^^^^^^^^^^^^^^^^
    )
    ^
  File "/home/catperson/.espressif/python_env/idf6.1_py3.13_env/lib/python3.13/site-packages/esptool/loader.py", line 565, in check_command
    val, data = self.command(op, data, chk, timeout=timeout)
                ~~~~~~~~~~~~^^^^^^^^^^^^^^^^^^^^^^^^^^^^^^^^
  File "/home/catperson/.espressif/python_env/idf6.1_py3.13_env/lib/python3.13/site-packages/esptool/loader.py", line 495, in command
    p = self.read()
  File "/home/catperson/.espressif/python_env/idf6.1_py3.13_env/lib/python3.13/site-packages/esptool/loader.py", line 431, in read
    return next(self._slip_reader)
StopIteration
[0m
[1;31mA fatal error occurred: The chip stopped responding.[0m
[31mCMake Error at /home/catperson/esp/esp-idf/components/esptool_py/run_serial_tool.cmake:67 (message):
  
  /home/catperson/.espressif/python_env/idf6.1_py3.13_env/bin/python;-m;esptool;--chip;esp32
  failed.


[0m
make[3]: *** [CMakeFiles/flash.dir/build.make:73: flash] Error 1
make[2]: *** [CMakeFiles/Makefile2:2100: CMakeFiles/flash.dir/all] Error 2
make[1]: *** [CMakeFiles/Makefile2:2107: CMakeFiles/flash.dir/rule] Error 2
make: *** [Makefile:234: flash] Error 2
